<?xml version="1.0" encoding="UTF-8"?>
<!-- Generated by org.testng.reporters.JUnitXMLReporter -->
<testsuite ignored="0" hostname="LAPTOP-0EPDFF3H" failures="1" tests="1" name="Test1" time="17.692" errors="0" timestamp="2024-02-22T09:18:51 IST">
  <testcase classname="test_ng.C_Cross_Browser" name="test" time="0.0">
    <failure type="org.testng.TestNGException" message="
Parameter &amp;apos;search&amp;apos; is required by @Test on method test but has not been marked @Optional or defined
in D:\Sneha\Luminar works\eclipse\Seleniumproject\C_cross.xml">
      <![CDATA[org.testng.TestNGException: 
Parameter 'search' is required by @Test on method test but has not been marked @Optional or defined
in D:\Sneha\Luminar works\eclipse\Seleniumproject\C_cross.xml
at java.base/java.util.ArrayList.forEach(ArrayList.java:1511)
... Removed 26 stack frames]]>
    </failure>
  </testcase> <!-- test -->
</testsuite> <!-- Test1 -->
